Line 16: Class MSAdodcLib.Adodc of control Adodc4 was not a loaded control class.
Line 63: Class MSAdodcLib.Adodc of control Adodc2 was not a loaded control class.
Line 127: Class MSAdodcLib.Adodc of control Adodc1 was not a loaded control class.
Line 174: Class TabDlg.SSTab of control tab1 was not a loaded control class.
Line 275: Class MSDataGridLib.DataGrid of control DataGrid2 was not a loaded control class.
Line 678: Class RichTextLib.RichTextBox of control rtbcomp was not a loaded control class.
Line 717: Class MSDataGridLib.DataGrid of control DataGrid1 was not a loaded control class.
Line 1726: Class RichTextLib.RichTextBox of control rtb was not a loaded control class.
Line 1748: Class MSDataGridLib.DataGrid of control datag was not a loaded control class.
Line 22: The property name _ExtentX in Adodc4 is invalid.
Line 23: The property name _ExtentY in Adodc4 is invalid.
Line 24: The property name ConnectMode in Adodc4 is invalid.
Line 25: The property name CursorLocation in Adodc4 is invalid.
Line 26: The property name IsolationLevel in Adodc4 is invalid.
Line 27: The property name ConnectionTimeout in Adodc4 is invalid.
Line 28: The property name CommandTimeout in Adodc4 is invalid.
Line 29: The property name CursorType in Adodc4 is invalid.
Line 30: The property name LockType in Adodc4 is invalid.
Line 31: The property name CommandType in Adodc4 is invalid.
Line 32: The property name CursorOptions in Adodc4 is invalid.
Line 33: The property name CacheSize in Adodc4 is invalid.
Line 34: The property name MaxRecords in Adodc4 is invalid.
Line 35: The property name BOFAction in Adodc4 is invalid.
Line 36: The property name EOFAction in Adodc4 is invalid.
Line 37: The property name ConnectStringType in Adodc4 is invalid.
Line 41: The property name Orientation in Adodc4 is invalid.
Line 43: The property name Connect in Adodc4 is invalid.
Line 44: The property name OLEDBString in Adodc4 is invalid.
Line 45: The property name OLEDBFile in Adodc4 is invalid.
Line 46: The property name DataSourceName in Adodc4 is invalid.
Line 47: The property name OtherAttributes in Adodc4 is invalid.
Line 48: The property name UserName in Adodc4 is invalid.
Line 49: The property name Password in Adodc4 is invalid.
Line 50: The property name RecordSource in Adodc4 is invalid.
Line 51: The property name Caption in Adodc4 is invalid.
Line 61: The property name _Version in Adodc4 is invalid.
Line 69: The property name _ExtentX in Adodc2 is invalid.
Line 70: The property name _ExtentY in Adodc2 is invalid.
Line 71: The property name ConnectMode in Adodc2 is invalid.
Line 72: The property name CursorLocation in Adodc2 is invalid.
Line 73: The property name IsolationLevel in Adodc2 is invalid.
Line 74: The property name ConnectionTimeout in Adodc2 is invalid.
Line 75: The property name CommandTimeout in Adodc2 is invalid.
Line 76: The property name CursorType in Adodc2 is invalid.
Line 77: The property name LockType in Adodc2 is invalid.
Line 78: The property name CommandType in Adodc2 is invalid.
Line 79: The property name CursorOptions in Adodc2 is invalid.
Line 80: The property name CacheSize in Adodc2 is invalid.
Line 81: The property name MaxRecords in Adodc2 is invalid.
Line 82: The property name BOFAction in Adodc2 is invalid.
Line 83: The property name EOFAction in Adodc2 is invalid.
Line 84: The property name ConnectStringType in Adodc2 is invalid.
Line 88: The property name Orientation in Adodc2 is invalid.
Line 90: The property name Connect in Adodc2 is invalid.
Line 91: The property name OLEDBString in Adodc2 is invalid.
Line 92: The property name OLEDBFile in Adodc2 is invalid.
Line 93: The property name DataSourceName in Adodc2 is invalid.
Line 94: The property name OtherAttributes in Adodc2 is invalid.
Line 95: The property name UserName in Adodc2 is invalid.
Line 96: The property name Password in Adodc2 is invalid.
Line 97: The property name RecordSource in Adodc2 is invalid.
Line 98: The property name Caption in Adodc2 is invalid.
Line 108: The property name _Version in Adodc2 is invalid.
Line 133: The property name _ExtentX in Adodc1 is invalid.
Line 134: The property name _ExtentY in Adodc1 is invalid.
Line 135: The property name ConnectMode in Adodc1 is invalid.
Line 136: The property name CursorLocation in Adodc1 is invalid.
Line 137: The property name IsolationLevel in Adodc1 is invalid.
Line 138: The property name ConnectionTimeout in Adodc1 is invalid.
Line 139: The property name CommandTimeout in Adodc1 is invalid.
Line 140: The property name CursorType in Adodc1 is invalid.
Line 141: The property name LockType in Adodc1 is invalid.
Line 142: The property name CommandType in Adodc1 is invalid.
Line 143: The property name CursorOptions in Adodc1 is invalid.
Line 144: The property name CacheSize in Adodc1 is invalid.
Line 145: The property name MaxRecords in Adodc1 is invalid.
Line 146: The property name BOFAction in Adodc1 is invalid.
Line 147: The property name EOFAction in Adodc1 is invalid.
Line 148: The property name ConnectStringType in Adodc1 is invalid.
Line 152: The property name Orientation in Adodc1 is invalid.
Line 154: The property name Connect in Adodc1 is invalid.
Line 155: The property name OLEDBString in Adodc1 is invalid.
Line 156: The property name OLEDBFile in Adodc1 is invalid.
Line 157: The property name DataSourceName in Adodc1 is invalid.
Line 158: The property name OtherAttributes in Adodc1 is invalid.
Line 159: The property name UserName in Adodc1 is invalid.
Line 160: The property name Password in Adodc1 is invalid.
Line 161: The property name RecordSource in Adodc1 is invalid.
Line 162: The property name Caption in Adodc1 is invalid.
Line 172: The property name _Version in Adodc1 is invalid.
Line 180: The property name _ExtentX in tab1 is invalid.
Line 181: The property name _ExtentY in tab1 is invalid.
Line 182: The property name _Version in tab1 is invalid.
Line 183: The property name Tabs in tab1 is invalid.
Line 184: The property name Tab in tab1 is invalid.
Line 185: The property name TabsPerRow in tab1 is invalid.
Line 186: The property name TabHeight in tab1 is invalid.
Line 196: The property name TabCaption(0) in tab1 is invalid.
Line 197: The property name TabPicture(0) in tab1 is invalid.
Line 198: The property name Tab(0).ControlEnabled in tab1 is invalid.
Line 199: The property name Tab(0).Control(0) in tab1 is invalid.
Line 200: The property name Tab(0).Control(0).Enabled in tab1 is invalid.
Line 201: The property name Tab(0).Control(1) in tab1 is invalid.
Line 202: The property name Tab(0).Control(1).Enabled in tab1 is invalid.
Line 203: The property name Tab(0).Control(2) in tab1 is invalid.
Line 204: The property name Tab(0).Control(2).Enabled in tab1 is invalid.
Line 205: The property name Tab(0).Control(3) in tab1 is invalid.
Line 206: The property name Tab(0).Control(3).Enabled in tab1 is invalid.
Line 207: The property name Tab(0).Control(4) in tab1 is invalid.
Line 208: The property name Tab(0).Control(4).Enabled in tab1 is invalid.
Line 209: The property name Tab(0).Control(5) in tab1 is invalid.
Line 210: The property name Tab(0).Control(5).Enabled in tab1 is invalid.
Line 211: The property name Tab(0).Control(6) in tab1 is invalid.
Line 212: The property name Tab(0).Control(6).Enabled in tab1 is invalid.
Line 213: The property name Tab(0).Control(7) in tab1 is invalid.
Line 214: The property name Tab(0).Control(7).Enabled in tab1 is invalid.
Line 215: The property name Tab(0).ControlCount in tab1 is invalid.
Line 216: The property name TabCaption(1) in tab1 is invalid.
Line 217: The property name TabPicture(1) in tab1 is invalid.
Line 218: The property name Tab(1).ControlEnabled in tab1 is invalid.
Line 219: The property name Tab(1).Control(0) in tab1 is invalid.
Line 220: The property name Tab(1).Control(0).Enabled in tab1 is invalid.
Line 221: The property name Tab(1).Control(1) in tab1 is invalid.
Line 222: The property name Tab(1).Control(1).Enabled in tab1 is invalid.
Line 223: The property name Tab(1).ControlCount in tab1 is invalid.
Line 224: The property name TabCaption(2) in tab1 is invalid.
Line 225: The property name TabPicture(2) in tab1 is invalid.
Line 226: The property name Tab(2).ControlEnabled in tab1 is invalid.
Line 227: The property name Tab(2).Control(0) in tab1 is invalid.
Line 228: The property name Tab(2).Control(0).Enabled in tab1 is invalid.
Line 229: The property name Tab(2).Control(1) in tab1 is invalid.
Line 230: The property name Tab(2).Control(1).Enabled in tab1 is invalid.
Line 231: The property name Tab(2).ControlCount in tab1 is invalid.
Line 232: The property name TabCaption(3) in tab1 is invalid.
Line 233: The property name TabPicture(3) in tab1 is invalid.
Line 234: The property name Tab(3).ControlEnabled in tab1 is invalid.
Line 235: The property name Tab(3).Control(0) in tab1 is invalid.
Line 236: The property name Tab(3).Control(0).Enabled in tab1 is invalid.
Line 237: The property name Tab(3).Control(1) in tab1 is invalid.
Line 238: The property name Tab(3).Control(1).Enabled in tab1 is invalid.
Line 239: The property name Tab(3).Control(2) in tab1 is invalid.
Line 240: The property name Tab(3).Control(2).Enabled in tab1 is invalid.
Line 241: The property name Tab(3).Control(3) in tab1 is invalid.
Line 242: The property name Tab(3).Control(3).Enabled in tab1 is invalid.
Line 243: The property name Tab(3).Control(4) in tab1 is invalid.
Line 244: The property name Tab(3).Control(4).Enabled in tab1 is invalid.
Line 245: The property name Tab(3).Control(5) in tab1 is invalid.
Line 246: The property name Tab(3).Control(5).Enabled in tab1 is invalid.
Line 247: The property name Tab(3).ControlCount in tab1 is invalid.
Line 248: The property name TabCaption(4) in tab1 is invalid.
Line 249: The property name TabPicture(4) in tab1 is invalid.
Line 250: The property name Tab(4).ControlEnabled in tab1 is invalid.
Line 251: The property name Tab(4).Control(0) in tab1 is invalid.
Line 252: The property name Tab(4).Control(0).Enabled in tab1 is invalid.
Line 253: The property name Tab(4).Control(1) in tab1 is invalid.
Line 254: The property name Tab(4).Control(1).Enabled in tab1 is invalid.
Line 255: The property name Tab(4).Control(2) in tab1 is invalid.
Line 256: The property name Tab(4).Control(2).Enabled in tab1 is invalid.
Line 257: The property name Tab(4).ControlCount in tab1 is invalid.
Line 276: The property name Bindings in DataGrid2 is invalid.
Line 282: The property name _ExtentX in DataGrid2 is invalid.
Line 283: The property name _ExtentY in DataGrid2 is invalid.
Line 284: The property name _Version in DataGrid2 is invalid.
Line 285: The property name AllowUpdate in DataGrid2 is invalid.
Line 286: The property name HeadLines in DataGrid2 is invalid.
Line 287: The property name RowHeight in DataGrid2 is invalid.
Line 288: The property name FormatLocked in DataGrid2 is invalid.
Line 297: The property name HeadFont in DataGrid2 is invalid.
Line 307: The property name ColumnCount in DataGrid2 is invalid.
Line 320: The property name Column00 in DataGrid2 is invalid.
Line 333: The property name Column01 in DataGrid2 is invalid.
Line 346: The property name Column02 in DataGrid2 is invalid.
Line 359: The property name Column03 in DataGrid2 is invalid.
Line 372: The property name Column04 in DataGrid2 is invalid.
Line 385: The property name Column05 in DataGrid2 is invalid.
Line 386: The property name SplitCount in DataGrid2 is invalid.
Line 405: The property name Split0 in DataGrid2 is invalid.
Line 684: The property name _ExtentX in rtbcomp is invalid.
Line 685: The property name _ExtentY in rtbcomp is invalid.
Line 686: The property name _Version in rtbcomp is invalid.
Line 688: The property name MaxLength in rtbcomp is invalid.
Line 689: The property name TextRTF in rtbcomp is invalid.
Line 718: The property name Bindings in DataGrid1 is invalid.
Line 724: The property name _ExtentX in DataGrid1 is invalid.
Line 725: The property name _ExtentY in DataGrid1 is invalid.
Line 726: The property name _Version in DataGrid1 is invalid.
Line 728: The property name HeadLines in DataGrid1 is invalid.
Line 729: The property name RowHeight in DataGrid1 is invalid.
Line 730: The property name FormatLocked in DataGrid1 is invalid.
Line 739: The property name HeadFont in DataGrid1 is invalid.
Line 749: The property name ColumnCount in DataGrid1 is invalid.
Line 762: The property name Column00 in DataGrid1 is invalid.
Line 775: The property name Column01 in DataGrid1 is invalid.
Line 788: The property name Column02 in DataGrid1 is invalid.
Line 801: The property name Column03 in DataGrid1 is invalid.
Line 814: The property name Column04 in DataGrid1 is invalid.
Line 827: The property name Column05 in DataGrid1 is invalid.
Line 828: The property name SplitCount in DataGrid1 is invalid.
Line 847: The property name Split0 in DataGrid1 is invalid.
Line 1732: The property name _ExtentX in rtb is invalid.
Line 1733: The property name _ExtentY in rtb is invalid.
Line 1734: The property name _Version in rtb is invalid.
Line 1736: The property name MaxLength in rtb is invalid.
Line 1737: The property name TextRTF in rtb is invalid.
Line 1749: The property name Bindings in datag is invalid.
Line 1755: The property name _ExtentX in datag is invalid.
Line 1756: The property name _ExtentY in datag is invalid.
Line 1757: The property name _Version in datag is invalid.
Line 1758: The property name AllowUpdate in datag is invalid.
Line 1760: The property name HeadLines in datag is invalid.
Line 1761: The property name RowHeight in datag is invalid.
Line 1762: The property name FormatLocked in datag is invalid.
Line 1771: The property name HeadFont in datag is invalid.
Line 1781: The property name ColumnCount in datag is invalid.
Line 1794: The property name Column00 in datag is invalid.
Line 1807: The property name Column01 in datag is invalid.
Line 1820: The property name Column02 in datag is invalid.
Line 1833: The property name Column03 in datag is invalid.
Line 1846: The property name Column04 in datag is invalid.
Line 1859: The property name Column05 in datag is invalid.
Line 1872: The property name Column06 in datag is invalid.
Line 1885: The property name Column07 in datag is invalid.
Line 1886: The property name SplitCount in datag is invalid.
Line 1913: The property name Split0 in datag is invalid.
